<?xml version="1.0" encoding="UTF-8"?>
<!-- Generated by org.testng.reporters.JUnitXMLReporter -->
<testsuite ignored="12" hostname="Abdulraheem" failures="0" tests="1" name="Default test" time="15.295" errors="0" timestamp="2024-11-04T21:11:44 EET">
  <testcase classname="Mytestcases" name="iFrame" time="8.302"/>
  <testcase classname="Mytestcases" name="TableExample" time="0.0">
    <ignored/>
  </testcase> <!-- TableExample -->
  <testcase classname="Mytestcases" name="switchTABS" time="0.0">
    <ignored/>
  </testcase> <!-- switchTABS -->
  <testcase classname="Mytestcases" name="RadioButtons" time="0.0">
    <ignored/>
  </testcase> <!-- RadioButtons -->
  <testcase classname="Mytestcases" name="MouseHover" time="0.0">
    <ignored/>
  </testcase> <!-- MouseHover -->
  <testcase classname="Mytestcases" name="ElementDisplayed" time="0.0">
    <ignored/>
  </testcase> <!-- ElementDisplayed -->
  <testcase classname="Mytestcases" name="DynamicDropDown" time="0.0">
    <ignored/>
  </testcase> <!-- DynamicDropDown -->
  <testcase classname="Mytestcases" name="switcALERT" time="0.0">
    <ignored/>
  </testcase> <!-- switcALERT -->
  <testcase classname="Mytestcases" name="SelectTag" time="0.0">
    <ignored/>
  </testcase> <!-- SelectTag -->
  <testcase classname="Mytestcases" name="Checkbox" time="0.0">
    <ignored/>
  </testcase> <!-- Checkbox -->
  <testcase classname="Mytestcases" name="Enabled_Disabled" time="0.0">
    <ignored/>
  </testcase> <!-- Enabled_Disabled -->
  <testcase classname="Mytestcases" name="Calendar" time="0.0">
    <ignored/>
  </testcase> <!-- Calendar -->
  <testcase classname="Mytestcases" name="switchWindows" time="0.0">
    <ignored/>
  </testcase> <!-- switchWindows -->
</testsuite> <!-- Default test -->
