<?xml version="1.0" encoding="UTF-8"?>
<!-- Generated by org.testng.reporters.JUnitXMLReporter -->
<testsuite ignored="2" hostname="Abdulraheem" failures="0" tests="1" name="Default test" time="7.577" errors="0" timestamp="2024-10-30T21:43:20 EET">
  <testcase classname="Mytestcases" name="SelectTag" time="0.181"/>
  <testcase classname="Mytestcases" name="RadioButtons" time="0.0">
    <ignored/>
  </testcase> <!-- RadioButtons -->
  <testcase classname="Mytestcases" name="DynamicDropDown" time="0.0">
    <ignored/>
  </testcase> <!-- DynamicDropDown -->
</testsuite> <!-- Default test -->
