<?xml version="1.0" encoding="UTF-8"?>
<testng-results ignored="2" total="3" passed="1" failed="0" skipped="0">
  <reporter-output>
  </reporter-output>
  <suite started-at="2024-10-30T21:43:12 EET" name="Default suite" finished-at="2024-10-30T21:43:20 EET" duration-ms="7577">
    <groups>
    </groups>
    <test started-at="2024-10-30T21:43:12 EET" name="Default test" finished-at="2024-10-30T21:43:20 EET" duration-ms="7577">
      <class name="Mytestcases">
        <test-method is-config="true" signature="MySetup()[pri:0, instance:Mytestcases@7103cb56]" started-at="2024-10-30T21:43:12 EET" name="MySetup" finished-at="2024-10-30T21:43:20 EET" duration-ms="7371" status="PASS">
          <reporter-output>
          </reporter-output>
        </test-method> <!-- MySetup -->
        <test-method signature="SelectTag()[pri:3, instance:Mytestcases@7103cb56]" started-at="2024-10-30T21:43:20 EET" name="SelectTag" finished-at="2024-10-30T21:43:20 EET" duration-ms="181" status="PASS">
          <reporter-output>
          </reporter-output>
        </test-method> <!-- SelectTag -->
      </class> <!-- Mytestcases -->
    </test> <!-- Default test -->
  </suite> <!-- Default suite -->
</testng-results>
